
*-----ORACLE Environments-----------------------------------*

ORACLE_HOME---------> /sbrdbms/app/oracle/product/11.2.0.2/db_clie                                    
ORACLE_SID----------> BWKDC                                 
TWO_TASK------------> BWKDC                                   

*-----------------------------------------------------------*

[1mTIBCO ADMINISTRATION INTEGRATION TEST ENVIRONMENT : ESBINTH - TIBCO UPGRADE - ORACLE 11[m

Applying alter statement for the bw in DB BWKdC
*******************************************************
Result:FAILED
Applying alter statement for the swpro1 in DB IPEdC
*******************************************************
Result:FAILED
Applying alter statement for the esbapp in DB ESBDC
*******************************************************
Result:SUCCEEDED
Applying alter statement for the rdbown in DB ROSa
*******************************************************
Result:SUCCEEDED
Applying alter statement for the esbapp in DB ROSa
*******************************************************
Result:SUCCEEDED
Applying alter statement for the bw in DB (DESCRIPTION=(ADDRESS_LIST=(LOAD_BALANCE=on)(FAILOVER=ON)(ADDRESS=(PROTOCOL=tcp)(HOST=dbcrmdbs62.wind.root.it)(PORT=1567))(ADDRESS=(PROTOCOL=tcp)(HOST=bcrmdbs63.wind.root.it)(PORT=1567)))(CONNECT_DATA=(SERVICE_NAME=bwkdB)))
*******************************************************
Result:FAILED
Applying alter statement for the esbapp in DB (DESCRIPTION=(ADDRESS_LIST=(LOAD_BALANCE=on)(FAILOVER=ON)(ADDRESS=(PROTOCOL=tcp)(HOST=dbcrmdbs60.wind.root.it)(PORT=1563))(ADDRESS=(PROTOCOL=tcp)(HOST=dbcrmdbs61.wind.root.it)(PORT=1563)))(CONNECT_DATA=(SERVICE_NAME=esbdB)))
*******************************************************
Result:SUCCEEDED
Applying alter statement for the swpro1 in DB (DESCRIPTION=(ADDRESS_LIST=(LOAD_BALANCE=on)(FAILOVER=ON)(ADDRESS=(PROTOCOL=tcp)(HOST=dbcrmdbs60.wind.root.it)(PORT=1580))(ADDRESS=(PROTOCOL=tcp)(HOST=dbcrmdbs61.wind.root.it)(PORT=1580)))(CONNECT_DATA=(SERVICE_NAME=ipedB)))
*******************************************************
Result:FAILED
Applying alter statement for the #siebel in DB (DESCRIPTION=(ADDRESS=(PROTOCOL=TCP)(HOST=dbcrmdbs60.wind.root.it)(PORT=1545))(ADDRESS=(PROTOCOL=TCP)(HOST=dbcrmdbs61.wind.root.it)(PORT=1545))(LOAD_BALANCE=yes)(CONNECT_DATA=(SERVER=DEDICATED)(SERVICE_NAME=crmdE)))
*******************************************************
Result:FAILED
Applying alter statement for the #siebel in DB (DESCRIPTION=(ADDRESS=(PROTOCOL=TCP)(HOST=dbcrmdbs60.wind.root.it)(PORT=1548))(ADDRESS=(PROTOCOL=TCP)(HOST=dbcrmdbs61.wind.root.it)(PORT=1548))(LOAD_BALANCE=yes)(CONNECT_DATA=(SERVER=DEDICATED)(SERVICE_NAME=crmdB)))
*******************************************************
Result:FAILED
Applying alter statement for the esbapp in DB (DESCRIPTION=(ADDRESS_LIST=(ADDRESS=(PROTOCOL=TCP)(HOST=lis-ora-i-int-cl01-scan.w3cp.windtre.it)(PORT=1523)))(CONNECT_DATA=(SERVICE_NAME=MGANA1i_BATCH)))
*******************************************************
Result:SUCCEEDED
Applying alter statement for the esbapp in DB (DESCRIPTION=(ADDRESS=(PROTOCOL=TCP)(HOST=mdapora2dcl51-scan.wind.root.it)(PORT=1251))(CONNECT_DATA=(SERVICE_NAME=MOGUi)))
*******************************************************
Result:SUCCEEDED
Applying alter statement for the esbapp in DB (DESCRIPTION=(ADDRESS=(PROTOCOL=TCP)(HOST=fms-pre-ora-i-cl01-scan.w3cp.windtre.it)(PORT=1521))(CONNECT_DATA=(SERVER=DEDICATED)(SERVICE_NAME=FMSd_F)))
*******************************************************
Result:SUCCEEDED
Applying alter statement for the esbown in DB (DESCRIPTION=(ADDRESS_LIST=(ADDRESS=(PROTOCOL=TCP)(HOST=lis-ora-i-int-cl01-scan.w3cp.windtre.it)(PORT=1523)))(CONNECT_DATA=(SERVICE_NAME=MGANA1i_BATCH)))
*******************************************************
Result:SUCCEEDED
Applying alter statement for the esbapp in DB (DESCRIPTION=(LOAD_BALANCE=yes)(ADDRESS_LIST=(ADDRESS=(PROTOCOL=TCP)(HOST=dbmdapora1d71.wind.root.it)(PORT=1642))(ADDRESS=(PROTOCOL=TCP)(HOST=dbmdapora1d72.wind.root.it)(PORT=1642)))(CONNECT_DATA=(SERVER=dedicated)(SERVICE_NAME=GENMMs)))
*******************************************************
Result:SUCCEEDED
Applying alter statement for the ATF_ADM in DB (DESCRIPTION=(ADDRESS=(PROTOCOL=TCP)(HOST=devops-ora-d-70.wind.root.it)(PORT=1522))(CONNECT_DATA=(SERVICE_NAME=DEVOPSdInt_app_service)(SERVER=DEDICATED)))
*******************************************************
Result:SUCCEEDED
Applying alter statement for the SONAR_ADM in DB (DESCRIPTION=(ADDRESS=(PROTOCOL=TCP)(HOST=devops-ora-d-70.wind.root.it)(PORT=1522))(CONNECT_DATA=(SERVICE_NAME=DEVOPSdInt_app_service)(SERVER=DEDICATED)))
*******************************************************
Result:SUCCEEDED
Applying alter statement for the scrapp in DB (DESCRIPTION=(ADDRESS_LIST=(LOAD_BALANCE=on)(FAILOVER=ON)(ADDRESS=(PROTOCOL=tcp)(HOST=10.139.92.119)(PORT=1251))(ADDRESS=(PROTOCOL=tcp)(HOST=10.139.92.120)(PORT=1251))(ADDRESS=(PROTOCOL=tcp)(HOST=10.139.92.121)(PORT=1251)))(CONNECT_DATA=(SERVICE_NAME=WMCCPi)))
*******************************************************
Result:SUCCEEDED
Applying alter statement for the scrown in DB (DESCRIPTION=(ADDRESS_LIST=(LOAD_BALANCE=on)(FAILOVER=ON)(ADDRESS=(PROTOCOL=tcp)(HOST=10.139.92.119)(PORT=1251))(ADDRESS=(PROTOCOL=tcp)(HOST=10.139.92.120)(PORT=1251))(ADDRESS=(PROTOCOL=tcp)(HOST=10.139.92.121)(PORT=1251)))(CONNECT_DATA=(SERVICE_NAME=WMCCPi)))
*******************************************************
Result:SUCCEEDED
Applying alter statement for the wmcapp in DB (DESCRIPTION=(ADDRESS_LIST=(LOAD_BALANCE=on)(FAILOVER=ON)(ADDRESS=(PROTOCOL=tcp)(HOST=10.139.92.119)(PORT=1251))(ADDRESS=(PROTOCOL=tcp)(HOST=10.139.92.120)(PORT=1251))(ADDRESS=(PROTOCOL=tcp)(HOST=10.139.92.121)(PORT=1251)))(CONNECT_DATA=(SERVICE_NAME=WMCCPi)))
*******************************************************
Result:SUCCEEDED
Applying alter statement for the DOO_ADM in DB (DESCRIPTION=(ADDRESS=(PROTOCOL=TCP)(HOST=devops-ora-d-70.wind.root.it)(PORT=1522))(CONNECT_DATA=(SERVICE_NAME=DEVOPSdSvil_app_service)(SERVER=DEDICATED)))
*******************************************************
Result:SUCCEEDED
Applying alter statement for the SINCO_ADM in DB (DESCRIPTION=(ADDRESS=(PROTOCOL=TCP)(HOST=mdapora3dcl71-scan.wind.root.it)(PORT=1251))(CONNECT_DATA=(SERVER=dedicated)(SERVICE_NAME=CRMOCVd)))
*******************************************************
Result:SUCCEEDED
