**************************************
Checking Connection for BWKDC Database
Connection Failed to BWKDC Database
**************************************
**************************************
Checking Connection for IPEDC Database
Connection Failed to IPEDC Database
**************************************
**************************************
Checking Connection for ESBDC Database
Connected to ESBDC Database
**************************************
**************************************
Checking Connection for ROSa Database
Connected to ROSa Database
**************************************
**************************************
Checking Connection for ROSa Database
Connected to ROSa Database
**************************************
**************************************
Checking Connection for BWKDB Database
Connection Failed to BWKDB Database
**************************************
**************************************
Checking Connection for ESBDB Database
Connected to ESBDB Database
**************************************
**************************************
Checking Connection for IPEDB Database
Connection Failed to IPEDB Database
**************************************
**************************************
Checking Connection for MGANA1i_BATCH Database
Connected to MGANA1i_BATCH Database
**************************************
**************************************
Checking Connection for MOGUi Database
Connected to MOGUi Database
**************************************
**************************************
Checking Connection for FMSd_F Database
Connected to FMSd_F Database
**************************************
**************************************
Checking Connection for MGANA1i_BATCH Database
Connected to MGANA1i_BATCH Database
**************************************
**************************************
Checking Connection for GENMM Database
Connected to GENMM Database
**************************************
**************************************
Checking Connection for DEVOPSdInt_app_service Database
Connected to DEVOPSdInt_app_service Database
**************************************
**************************************
Checking Connection for DEVOPSdInt_app_service Database
Connected to DEVOPSdInt_app_service Database
**************************************
**************************************
Checking Connection for WMCCPi Database
Connected to WMCCPi Database
**************************************
**************************************
Checking Connection for WMCCPi Database
Connected to WMCCPi Database
**************************************
**************************************
Checking Connection for WMCCPi Database
Connected to WMCCPi Database
**************************************
**************************************
Checking Connection for DEVOPSdSvil_app_service Database
Connected to DEVOPSdSvil_app_service Database
**************************************
**************************************
Checking Connection for CRMOCVd Database
Connected to CRMOCVd Database
**************************************
