Initializing ...
Finished initialization
Stopping services ...
Finished stopping services 
Finished successfully in 24 seconds
Initializing ...
Finished initialization
Stopping services ...
Finished stopping services 
Finished successfully in 29 seconds
Initializing ...
Finished initialization
Stopping services ...
Finished stopping services 
Finished successfully in 21 seconds
Initializing ...
Finished initialization
Stopping services ...
Finished stopping services 
Finished successfully in 27 seconds
