Initializing ...
Finished initialization
Starting services ...
Finished starting services
Finished successfully in 25 seconds
Initializing ...
Finished initialization
Starting services ...
Finished starting services
Finished successfully in 26 seconds
Initializing ...
Finished initialization
Starting services ...
Finished starting services
Finished successfully in 27 seconds
Initializing ...
Finished initialization
Starting services ...
Finished starting services
Finished successfully in 26 seconds
